<?xml version="1.0" encoding="UTF-8"?>
<robot generator="Robot 6.0.2 (Python 3.10.6 on linux)" generated="20230309 17:59:35.820" rpa="false" schemaversion="3">
<suite id="s1" name="Api-Testing-Usuarios" source="/home/al3ncar/www/software_test/robot-framework/api-rest/tests/api-testing-usuarios.robot">
<test id="s1-t1" name="CN0001 - Cadastrar novo usuario com sucesso na serveRest" line="6">
<kw name="Criar novo usuário" library="api-testing-usuarios">
<kw name="Generate Random String" library="String">
<var>${palavra_aleatoria}</var>
<arg>length=4</arg>
<arg>chars=[LETTERS]</arg>
<doc>Generates a string with a desired ``length`` from the given ``chars``.</doc>
<msg timestamp="20230309 17:59:35.952" level="INFO">${palavra_aleatoria} = HRkp</msg>
<status status="PASS" starttime="20230309 17:59:35.952" endtime="20230309 17:59:35.954"/>
</kw>
<kw name="Convert To Lower Case" library="String">
<var>${palavra_aleatoria}</var>
<arg>${palavra_aleatoria}</arg>
<doc>Converts string to lower case.</doc>
<msg timestamp="20230309 17:59:35.955" level="INFO">${palavra_aleatoria} = hrkp</msg>
<status status="PASS" starttime="20230309 17:59:35.954" endtime="20230309 17:59:35.955"/>
</kw>
<kw name="Set Test Variable" library="BuiltIn">
<arg>${EMAIL}</arg>
<arg>${palavra_aleatoria}@gmail.com</arg>
<doc>Makes a variable available everywhere within the scope of the current test.</doc>
<msg timestamp="20230309 17:59:35.956" level="INFO">${EMAIL} = hrkp@gmail.com</msg>
<status status="PASS" starttime="20230309 17:59:35.955" endtime="20230309 17:59:35.956"/>
</kw>
<kw name="Log To Console" library="BuiltIn">
<arg>${EMAIL}</arg>
<doc>Logs the given message to the console.</doc>
<status status="PASS" starttime="20230309 17:59:35.957" endtime="20230309 17:59:35.958"/>
</kw>
<status status="PASS" starttime="20230309 17:59:35.951" endtime="20230309 17:59:35.958"/>
</kw>
<status status="PASS" starttime="20230309 17:59:35.949" endtime="20230309 17:59:35.959"/>
</test>
<status status="PASS" starttime="20230309 17:59:35.824" endtime="20230309 17:59:35.960"/>
</suite>
<statistics>
<total>
<stat pass="1" fail="0" skip="0">All Tests</stat>
</total>
<tag>
</tag>
<suite>
<stat pass="1" fail="0" skip="0" id="s1" name="Api-Testing-Usuarios">Api-Testing-Usuarios</stat>
</suite>
</statistics>
<errors>
</errors>
</robot>
