<?xml version="1.0" encoding="UTF-8"?>
<robot generator="Robot 6.0.2 (Python 3.10.6 on linux)" generated="20230308 23:45:30.389" rpa="false" schemaversion="3">
<suite id="s1" name="Lista-Var" source="/home/al3ncar/www/software_test/robot-framework/Variaveis-desafio/lista-var.robot">
<test id="s1-t1" name="CT0001 - Imprima o nome do Capitão" line="8">
<kw name="Imprimir o nome do Luffi">
<kw name="Log To Console" library="BuiltIn">
<arg>O nome do personagem é ${PERSONAGENS_ONE_PIECE[0]}</arg>
<doc>Logs the given message to the console.</doc>
<status status="PASS" starttime="20230308 23:45:30.406" endtime="20230308 23:45:30.406"/>
</kw>
<status status="PASS" starttime="20230308 23:45:30.406" endtime="20230308 23:45:30.407"/>
</kw>
<doc>Esse teste imprime o nome do capitão Luffi</doc>
<tag>one-piece</tag>
<status status="PASS" starttime="20230308 23:45:30.405" endtime="20230308 23:45:30.407"/>
</test>
<test id="s1-t2" name="CT0002 - Imprima no nome de todos os tripulantes" line="13">
<kw name="Imprimir o nome do Luffi">
<kw name="Log To Console" library="BuiltIn">
<arg>O nome do personagem é ${PERSONAGENS_ONE_PIECE[0]}</arg>
<doc>Logs the given message to the console.</doc>
<status status="PASS" starttime="20230308 23:45:30.408" endtime="20230308 23:45:30.409"/>
</kw>
<status status="PASS" starttime="20230308 23:45:30.408" endtime="20230308 23:45:30.409"/>
</kw>
<kw name="Imprimir o nome do Zoro">
<kw name="Log To Console" library="BuiltIn">
<arg>O nome do personagem é ${PERSONAGENS_ONE_PIECE[1]}</arg>
<doc>Logs the given message to the console.</doc>
<status status="PASS" starttime="20230308 23:45:30.409" endtime="20230308 23:45:30.409"/>
</kw>
<status status="PASS" starttime="20230308 23:45:30.409" endtime="20230308 23:45:30.410"/>
</kw>
<kw name="Imprimir o nome da Nami">
<kw name="Log To Console" library="BuiltIn">
<arg>O nome do personagem é ${PERSONAGENS_ONE_PIECE[2]}</arg>
<doc>Logs the given message to the console.</doc>
<status status="PASS" starttime="20230308 23:45:30.410" endtime="20230308 23:45:30.411"/>
</kw>
<status status="PASS" starttime="20230308 23:45:30.410" endtime="20230308 23:45:30.411"/>
</kw>
<kw name="Imprimir o nome do Usopp">
<kw name="Log To Console" library="BuiltIn">
<arg>O nome do personagem é ${PERSONAGENS_ONE_PIECE[3]}</arg>
<doc>Logs the given message to the console.</doc>
<status status="PASS" starttime="20230308 23:45:30.411" endtime="20230308 23:45:30.412"/>
</kw>
<status status="PASS" starttime="20230308 23:45:30.411" endtime="20230308 23:45:30.412"/>
</kw>
<kw name="Imprimir o nome do Sanji">
<kw name="Log To Console" library="BuiltIn">
<arg>O nome do personagem é ${PERSONAGENS_ONE_PIECE[4]}</arg>
<doc>Logs the given message to the console.</doc>
<status status="PASS" starttime="20230308 23:45:30.412" endtime="20230308 23:45:30.413"/>
</kw>
<status status="PASS" starttime="20230308 23:45:30.412" endtime="20230308 23:45:30.413"/>
</kw>
<doc>Esse teste imprime o nome de todos os tripulantes</doc>
<tag>one-piece</tag>
<status status="PASS" starttime="20230308 23:45:30.407" endtime="20230308 23:45:30.413"/>
</test>
<doc>Exemplo de tipos de variáveis: LISTAS</doc>
<status status="PASS" starttime="20230308 23:45:30.390" endtime="20230308 23:45:30.413"/>
</suite>
<statistics>
<total>
<stat pass="2" fail="0" skip="0">All Tests</stat>
</total>
<tag>
<stat pass="2" fail="0" skip="0">one-piece</stat>
</tag>
<suite>
<stat pass="2" fail="0" skip="0" id="s1" name="Lista-Var">Lista-Var</stat>
</suite>
</statistics>
<errors>
</errors>
</robot>
