<?xml version="1.0" encoding="UTF-8"?>
<robot generator="Robot 6.0.2 (Python 3.10.6 on linux)" generated="20230309 12:45:17.114" rpa="false" schemaversion="3">
<suite id="s1" name="Dicionario-Var" source="/home/al3ncar/www/software_test/robot-framework/Variaveis-desafio/dicionario-var.robot">
<test id="s1-t1" name="CT0001 - Fale do Vice Capitão dos Chapeus de Palha" line="8">
<kw name="Fale do Zoro">
<kw name="Log To Console" library="BuiltIn">
<arg>Vice capitão dos chapeis de palha, seu nome é ${ZORO.nome}, classe: ${ZORO.funcao} e habilitadade suprema: ${ZORO.habilidade}.</arg>
<doc>Logs the given message to the console.</doc>
<status status="PASS" starttime="20230309 12:45:17.128" endtime="20230309 12:45:17.129"/>
</kw>
<status status="PASS" starttime="20230309 12:45:17.128" endtime="20230309 12:45:17.129"/>
</kw>
<doc>Esse teste imprime o nome do capitão Luffi</doc>
<tag>one-piece</tag>
<status status="PASS" starttime="20230309 12:45:17.128" endtime="20230309 12:45:17.129"/>
</test>
<doc>Exemplo de tipos de variáveis: DICIONARIOS</doc>
<status status="PASS" starttime="20230309 12:45:17.114" endtime="20230309 12:45:17.130"/>
</suite>
<statistics>
<total>
<stat pass="1" fail="0" skip="0">All Tests</stat>
</total>
<tag>
<stat pass="1" fail="0" skip="0">one-piece</stat>
</tag>
<suite>
<stat pass="1" fail="0" skip="0" id="s1" name="Dicionario-Var">Dicionario-Var</stat>
</suite>
</statistics>
<errors>
</errors>
</robot>
