<?xml version="1.0" encoding="UTF-8"?>
<robot generator="Robot 6.0.2 (Python 3.10.6 on linux)" generated="20230215 15:31:33.006" rpa="false" schemaversion="3">
<suite id="s1" name="Amazon Tests" source="/home/al3ncar/www/robot-framework/web-testing/amazon_tests.robot">
<test id="s1-t1" name="Caso de teste 1 - Acesso ao menu &quot;Eletrônicos&quot;" line="8">
<kw name="Abrir navegador" library="amazon_resources" type="SETUP">
<kw name="Open Browser" library="SeleniumLibrary">
<arg>browser=chrome</arg>
<doc>Opens a new browser instance to the optional ``url``.</doc>
<msg timestamp="20230215 15:31:33.287" level="INFO">Opening browser 'chrome' to base url 'None'.</msg>
<status status="PASS" starttime="20230215 15:31:33.286" endtime="20230215 15:31:34.896"/>
</kw>
<kw name="Maximize Browser Window" library="SeleniumLibrary">
<doc>Maximizes current browser window.</doc>
<status status="PASS" starttime="20230215 15:31:34.897" endtime="20230215 15:31:35.004"/>
</kw>
<status status="PASS" starttime="20230215 15:31:33.285" endtime="20230215 15:31:35.005"/>
</kw>
<kw name="Acessar a home page do site amazon.com.br" library="amazon_resources">
<kw name="Go To" library="SeleniumLibrary">
<arg>url=${URL}</arg>
<doc>Navigates the current browser window to the provided ``url``.</doc>
<msg timestamp="20230215 15:31:35.009" level="INFO">Opening url 'http://www.amazon.com.br'</msg>
<status status="PASS" starttime="20230215 15:31:35.008" endtime="20230215 15:31:38.959"/>
</kw>
<kw name="Wait Until Element Is Visible" library="SeleniumLibrary">
<arg>locator=${MENU_ELETRONICOS}</arg>
<doc>Waits until the element ``locator`` is visible.</doc>
<status status="PASS" starttime="20230215 15:31:38.960" endtime="20230215 15:31:39.143"/>
</kw>
<status status="PASS" starttime="20230215 15:31:35.006" endtime="20230215 15:31:39.144"/>
</kw>
<kw name="Entrar no menu &quot;Eletrônicos&quot;" library="amazon_resources">
<kw name="Click Element" library="SeleniumLibrary">
<arg>xpath=${MENU_ELETRONICOS}</arg>
<doc>Click the element identified by ``locator``.</doc>
<msg timestamp="20230215 15:31:39.152" level="INFO">Clicking element 'xpath=//a[@href='/Eletronicos-e-Tecnologia/b/?ie=UTF8&amp;node=16209062011&amp;ref_=nav_cs_electronics'][contains(.,'Eletrônicos')]'.</msg>
<status status="PASS" starttime="20230215 15:31:39.148" endtime="20230215 15:31:43.029"/>
</kw>
<status status="PASS" starttime="20230215 15:31:39.146" endtime="20230215 15:31:43.031"/>
</kw>
<kw name="Verificar se aparece a frase &quot;Eletrônicos e Tecnologia&quot;" library="amazon_resources">
<kw name="Wait Until Element Is Visible" library="SeleniumLibrary">
<arg>xpath=${H1_PAGINA_ELETRONICOS}</arg>
<doc>Waits until the element ``locator`` is visible.</doc>
<status status="PASS" starttime="20230215 15:31:43.034" endtime="20230215 15:31:43.171"/>
</kw>
<status status="PASS" starttime="20230215 15:31:43.032" endtime="20230215 15:31:43.172"/>
</kw>
<kw name="Verificar se o título da página fica &quot;Eletrônicos e Tecnologia | Amazon.com.br&quot;" library="amazon_resources" sourcename="Verificar se o título da página fica &quot;${TITLE}&quot;">
<kw name="Title Should Be" library="SeleniumLibrary">
<arg>title=${TITLE}</arg>
<doc>Verifies that the current page title equals ``title``.</doc>
<msg timestamp="20230215 15:31:43.197" level="INFO">Page title is 'Eletrônicos e Tecnologia | Amazon.com.br'.</msg>
<status status="PASS" starttime="20230215 15:31:43.173" endtime="20230215 15:31:43.197"/>
</kw>
<status status="PASS" starttime="20230215 15:31:43.172" endtime="20230215 15:31:43.198"/>
</kw>
<kw name="Verificar se aparece a categoria &quot;Computadores e Informática&quot;" library="amazon_resources">
<kw name="Wait Until Element Is Visible" library="SeleniumLibrary">
<arg>xpath=${CATEGORIA_COMPUTADORES_E_INFORMATICA}</arg>
<doc>Waits until the element ``locator`` is visible.</doc>
<status status="PASS" starttime="20230215 15:31:43.199" endtime="20230215 15:31:43.277"/>
</kw>
<status status="PASS" starttime="20230215 15:31:43.198" endtime="20230215 15:31:43.277"/>
</kw>
<kw name="Fechar navegador" library="amazon_resources" type="TEARDOWN">
<kw name="Close Browser" library="SeleniumLibrary">
<doc>Closes the current browser.</doc>
<status status="PASS" starttime="20230215 15:31:43.277" endtime="20230215 15:31:43.345"/>
</kw>
<status status="PASS" starttime="20230215 15:31:43.277" endtime="20230215 15:31:43.345"/>
</kw>
<doc>Esse teste verifica o menu eletronicos do site da amazon.com.br
E verifica a categoria Computadores e Informática</doc>
<tag>categorias</tag>
<tag>menus</tag>
<status status="PASS" starttime="20230215 15:31:33.283" endtime="20230215 15:31:43.346"/>
</test>
<doc>Essa suíte testa o site amazon.com.br</doc>
<status status="PASS" starttime="20230215 15:31:33.008" endtime="20230215 15:31:43.347"/>
</suite>
<statistics>
<total>
<stat pass="1" fail="0" skip="0">All Tests</stat>
</total>
<tag>
<stat pass="1" fail="0" skip="0">categorias</stat>
<stat pass="1" fail="0" skip="0">menus</stat>
</tag>
<suite>
<stat pass="1" fail="0" skip="0" id="s1" name="Amazon Tests">Amazon Tests</stat>
</suite>
</statistics>
<errors>
</errors>
</robot>
